<?xml version="1.0" encoding="UTF-8"?>
<!-- Generated by org.testng.reporters.JUnitXMLReporter -->
<testsuite hostname="LAPTOP-A2JN8V8G" ignored="0" name="Test" tests="2" failures="2" timestamp="27 Aug 2021 07:09:50 GMT" time="34.679" errors="0">
  <testcase name="SearchInSubject" time="6.207" classname="com.Testcases.TC_43">
    <failure type="junit.framework.AssertionFailedError" message="expected:&amp;lt;false&amp;gt; but was:&amp;lt;true&amp;gt;">
      <![CDATA[junit.framework.AssertionFailedError: expected:<false> but was:<true>
at junit.framework.Assert.fail(Assert.java:47)
at junit.framework.Assert.failNotEquals(Assert.java:282)
at junit.framework.Assert.assertEquals(Assert.java:64)
at junit.framework.Assert.assertEquals(Assert.java:149)
at junit.framework.Assert.assertEquals(Assert.java:155)
at com.Testcases.TC_43.SearchInSubject(TC_43.java:25)
... Removed 25 stack frames]]>
    </failure>
  </testcase> <!-- SearchInSubject -->
  <testcase name="SearchinSalesOrderNo" time="5.555" classname="com.Testcases.TC_42">
    <failure type="junit.framework.AssertionFailedError" message="expected:&amp;lt;false&amp;gt; but was:&amp;lt;true&amp;gt;">
      <![CDATA[junit.framework.AssertionFailedError: expected:<false> but was:<true>
at junit.framework.Assert.fail(Assert.java:47)
at junit.framework.Assert.failNotEquals(Assert.java:282)
at junit.framework.Assert.assertEquals(Assert.java:64)
at junit.framework.Assert.assertEquals(Assert.java:149)
at junit.framework.Assert.assertEquals(Assert.java:155)
at com.Testcases.TC_42.SearchinSalesOrderNo(TC_42.java:18)
... Removed 25 stack frames]]>
    </failure>
  </testcase> <!-- SearchinSalesOrderNo -->
</testsuite> <!-- Test -->
